Analysis & Synthesis report for My_computer4bit
Thu Apr 01 08:38:11 2021
Quartus II Version 9.0 Build 132 02/25/2009 SJ Full Version


---------------------
; Table of Contents ;
---------------------
  1. Legal Notice
  2. Analysis & Synthesis Summary
  3. Analysis & Synthesis Settings
  4. Analysis & Synthesis Source Files Read
  5. Analysis & Synthesis Resource Usage Summary
  6. Analysis & Synthesis Resource Utilization by Entity
  7. General Register Statistics
  8. Inverted Register Statistics
  9. Source assignments for lpm_counter:ADDRESS_rtl_0
 10. Source assignments for lpm_add_sub:Add1|addcore:adder
 11. Source assignments for lpm_add_sub:Add2|addcore:adder
 12. Parameter Settings for User Entity Instance: Top-level Entity: |My_computer4bit
 13. Parameter Settings for Inferred Entity Instance: lpm_counter:ADDRESS_rtl_0
 14. Parameter Settings for Inferred Entity Instance: altdpram:mypcMEM_STACK_rtl_1
 15. Parameter Settings for Inferred Entity Instance: lpm_add_sub:Add1
 16. Parameter Settings for Inferred Entity Instance: lpm_add_sub:Add2
 17. Analysis & Synthesis Messages



----------------
; Legal Notice ;
----------------
Copyright (C) 1991-2009 Altera Corporation
Your use of Altera Corporation's design tools, logic functions 
and other software and tools, and its AMPP partner logic 
functions, and any output files from any of the foregoing 
(including device programming or simulation files), and any 
associated documentation or information are expressly subject 
to the terms and conditions of the Altera Program License 
Subscription Agreement, Altera MegaCore Function License 
Agreement, or other applicable license agreement, including, 
without limitation, that your use is for the sole purpose of 
programming logic devices manufactured by Altera and sold by 
Altera or its authorized distributors.  Please refer to the 
applicable agreement for further details.



+------------------------------------------------------------------------+
; Analysis & Synthesis Summary                                           ;
+-----------------------------+------------------------------------------+
; Analysis & Synthesis Status ; Successful - Thu Apr 01 08:38:11 2021    ;
; Quartus II Version          ; 9.0 Build 132 02/25/2009 SJ Full Version ;
; Revision Name               ; My_computer4bit                          ;
; Top-level Entity Name       ; My_computer4bit                          ;
; Family                      ; FLEX10K                                  ;
; Total logic elements        ; 289                                      ;
; Total pins                  ; 40                                       ;
; Total memory bits           ; 0                                        ;
+-----------------------------+------------------------------------------+


+----------------------------------------------------------------------------------------------------+
; Analysis & Synthesis Settings                                                                      ;
+----------------------------------------------------------------+-----------------+-----------------+
; Option                                                         ; Setting         ; Default Value   ;
+----------------------------------------------------------------+-----------------+-----------------+
; Device                                                         ; EPF10K10TC144-3 ;                 ;
; Top-level entity name                                          ; My_computer4bit ; My_computer4bit ;
; Family name                                                    ; FLEX10K         ; Stratix II      ;
; Type of Retiming Performed During Resynthesis                  ; Full            ;                 ;
; Resynthesis Optimization Effort                                ; Normal          ;                 ;
; Physical Synthesis Level for Resynthesis                       ; Normal          ;                 ;
; Use Generated Physical Constraints File                        ; On              ;                 ;
; Use smart compilation                                          ; Off             ; Off             ;
; Create Debugging Nodes for IP Cores                            ; Off             ; Off             ;
; Preserve fewer node names                                      ; On              ; On              ;
; Disable OpenCore Plus hardware evaluation                      ; Off             ; Off             ;
; Verilog Version                                                ; Verilog_2001    ; Verilog_2001    ;
; VHDL Version                                                   ; VHDL93          ; VHDL93          ;
; State Machine Processing                                       ; Auto            ; Auto            ;
; Safe State Machine                                             ; Off             ; Off             ;
; Extract Verilog State Machines                                 ; On              ; On              ;
; Extract VHDL State Machines                                    ; On              ; On              ;
; Ignore Verilog initial constructs                              ; Off             ; Off             ;
; Iteration limit for constant Verilog loops                     ; 5000            ; 5000            ;
; Iteration limit for non-constant Verilog loops                 ; 250             ; 250             ;
; Add Pass-Through Logic to Inferred RAMs                        ; On              ; On              ;
; Parallel Synthesis                                             ; Off             ; Off             ;
; NOT Gate Push-Back                                             ; On              ; On              ;
; Power-Up Don't Care                                            ; On              ; On              ;
; Remove Redundant Logic Cells                                   ; Off             ; Off             ;
; Remove Duplicate Registers                                     ; On              ; On              ;
; Ignore CARRY Buffers                                           ; Off             ; Off             ;
; Ignore CASCADE Buffers                                         ; Off             ; Off             ;
; Ignore GLOBAL Buffers                                          ; Off             ; Off             ;
; Ignore ROW GLOBAL Buffers                                      ; Off             ; Off             ;
; Ignore LCELL Buffers                                           ; Off             ; Off             ;
; Ignore SOFT Buffers                                            ; On              ; On              ;
; Limit AHDL Integers to 32 Bits                                 ; Off             ; Off             ;
; Auto Implement in ROM                                          ; Off             ; Off             ;
; Optimization Technique                                         ; Area            ; Area            ;
; Carry Chain Length                                             ; 32              ; 32              ;
; Cascade Chain Length                                           ; 2               ; 2               ;
; Auto Carry Chains                                              ; On              ; On              ;
; Auto Open-Drain Pins                                           ; On              ; On              ;
; Auto ROM Replacement                                           ; On              ; On              ;
; Auto RAM Replacement                                           ; On              ; On              ;
; Auto Clock Enable Replacement                                  ; On              ; On              ;
; Strict RAM Replacement                                         ; Off             ; Off             ;
; Auto Resource Sharing                                          ; Off             ; Off             ;
; Allow Any RAM Size For Recognition                             ; Off             ; Off             ;
; Allow Any ROM Size For Recognition                             ; Off             ; Off             ;
; Use LogicLock Constraints during Resource Balancing            ; On              ; On              ;
; Ignore translate_off and synthesis_off directives              ; Off             ; Off             ;
; Show Parameter Settings Tables in Synthesis Report             ; On              ; On              ;
; HDL message level                                              ; Level2          ; Level2          ;
; Suppress Register Optimization Related Messages                ; Off             ; Off             ;
; Number of Removed Registers Reported in Synthesis Report       ; 100             ; 100             ;
; Number of Inverted Registers Reported in Synthesis Report      ; 100             ; 100             ;
; Block Design Naming                                            ; Auto            ; Auto            ;
; Synthesis Effort                                               ; Auto            ; Auto            ;
; Allows Asynchronous Clear Usage For Shift Register Replacement ; On              ; On              ;
; Analysis & Synthesis Message Level                             ; Medium          ; Medium          ;
+----------------------------------------------------------------+-----------------+-----------------+


+-------------------------------------------------------------------------------------------------------------------------------------------------------------+
; Analysis & Synthesis Source Files Read                                                                                                                      ;
+----------------------------------+-----------------+------------------------------+-------------------------------------------------------------------------+
; File Name with User-Entered Path ; Used in Netlist ; File Type                    ; File Name with Absolute Path                                            ;
+----------------------------------+-----------------+------------------------------+-------------------------------------------------------------------------+
; My_computer4bit.v                ; yes             ; User Verilog HDL File        ; F:/World_EEE_BUET/L4T1/MicroProcessorLab/4bitPC/Final/My_computer4bit.v ;
; lpm_counter.tdf                  ; yes             ; Megafunction                 ; c:/altera/90/quartus/libraries/megafunctions/lpm_counter.tdf            ;
; lpm_constant.inc                 ; yes             ; Megafunction                 ; c:/altera/90/quartus/libraries/megafunctions/lpm_constant.inc           ;
; lpm_decode.inc                   ; yes             ; Megafunction                 ; c:/altera/90/quartus/libraries/megafunctions/lpm_decode.inc             ;
; lpm_add_sub.inc                  ; yes             ; Megafunction                 ; c:/altera/90/quartus/libraries/megafunctions/lpm_add_sub.inc            ;
; cmpconst.inc                     ; yes             ; Megafunction                 ; c:/altera/90/quartus/libraries/megafunctions/cmpconst.inc               ;
; lpm_compare.inc                  ; yes             ; Megafunction                 ; c:/altera/90/quartus/libraries/megafunctions/lpm_compare.inc            ;
; lpm_counter.inc                  ; yes             ; Megafunction                 ; c:/altera/90/quartus/libraries/megafunctions/lpm_counter.inc            ;
; dffeea.inc                       ; yes             ; Megafunction                 ; c:/altera/90/quartus/libraries/megafunctions/dffeea.inc                 ;
; alt_synch_counter.inc            ; yes             ; Megafunction                 ; c:/altera/90/quartus/libraries/megafunctions/alt_synch_counter.inc      ;
; alt_synch_counter_f.inc          ; yes             ; Megafunction                 ; c:/altera/90/quartus/libraries/megafunctions/alt_synch_counter_f.inc    ;
; alt_counter_f10ke.inc            ; yes             ; Megafunction                 ; c:/altera/90/quartus/libraries/megafunctions/alt_counter_f10ke.inc      ;
; alt_counter_stratix.inc          ; yes             ; Megafunction                 ; c:/altera/90/quartus/libraries/megafunctions/alt_counter_stratix.inc    ;
; aglobal90.inc                    ; yes             ; Megafunction                 ; c:/altera/90/quartus/libraries/megafunctions/aglobal90.inc              ;
; alt_counter_f10ke.tdf            ; yes             ; Megafunction                 ; c:/altera/90/quartus/libraries/megafunctions/alt_counter_f10ke.tdf      ;
; flex10ke_lcell.inc               ; yes             ; Megafunction                 ; c:/altera/90/quartus/libraries/megafunctions/flex10ke_lcell.inc         ;
; altdpram.tdf                     ; yes             ; Megafunction                 ; c:/altera/90/quartus/libraries/megafunctions/altdpram.tdf               ;
; memmodes.inc                     ; yes             ; Megafunction                 ; c:/altera/90/quartus/libraries/others/maxplus2/memmodes.inc             ;
; lpm_mux.inc                      ; yes             ; Megafunction                 ; c:/altera/90/quartus/libraries/megafunctions/lpm_mux.inc                ;
; a_hdffe.inc                      ; yes             ; Megafunction                 ; c:/altera/90/quartus/libraries/megafunctions/a_hdffe.inc                ;
; a_rdenreg.inc                    ; yes             ; Megafunction                 ; c:/altera/90/quartus/libraries/megafunctions/a_rdenreg.inc              ;
; altqpram.inc                     ; yes             ; Megafunction                 ; c:/altera/90/quartus/libraries/megafunctions/altqpram.inc               ;
; alt_le_rden_reg.inc              ; yes             ; Megafunction                 ; c:/altera/90/quartus/libraries/megafunctions/alt_le_rden_reg.inc        ;
; altsyncram.inc                   ; yes             ; Megafunction                 ; c:/altera/90/quartus/libraries/megafunctions/altsyncram.inc             ;
; lpm_mux.tdf                      ; yes             ; Megafunction                 ; c:/altera/90/quartus/libraries/megafunctions/lpm_mux.tdf                ;
; muxlut.inc                       ; yes             ; Megafunction                 ; c:/altera/90/quartus/libraries/megafunctions/muxlut.inc                 ;
; bypassff.inc                     ; yes             ; Megafunction                 ; c:/altera/90/quartus/libraries/megafunctions/bypassff.inc               ;
; altshift.inc                     ; yes             ; Megafunction                 ; c:/altera/90/quartus/libraries/megafunctions/altshift.inc               ;
; bypassff.tdf                     ; yes             ; Megafunction                 ; c:/altera/90/quartus/libraries/megafunctions/bypassff.tdf               ;
; altshift.tdf                     ; yes             ; Megafunction                 ; c:/altera/90/quartus/libraries/megafunctions/altshift.tdf               ;
; muxlut.tdf                       ; yes             ; Megafunction                 ; c:/altera/90/quartus/libraries/megafunctions/muxlut.tdf                 ;
; lpm_decode.tdf                   ; yes             ; Megafunction                 ; c:/altera/90/quartus/libraries/megafunctions/lpm_decode.tdf             ;
; declut.inc                       ; yes             ; Megafunction                 ; c:/altera/90/quartus/libraries/megafunctions/declut.inc                 ;
; db/decode_8hf.tdf                ; yes             ; Auto-Generated Megafunction  ; F:/World_EEE_BUET/L4T1/MicroProcessorLab/4bitPC/Final/db/decode_8hf.tdf ;
; db/cmpr_0mc.tdf                  ; yes             ; Auto-Generated Megafunction  ; F:/World_EEE_BUET/L4T1/MicroProcessorLab/4bitPC/Final/db/cmpr_0mc.tdf   ;
; lpm_add_sub.tdf                  ; yes             ; Megafunction                 ; c:/altera/90/quartus/libraries/megafunctions/lpm_add_sub.tdf            ;
; addcore.inc                      ; yes             ; Megafunction                 ; c:/altera/90/quartus/libraries/megafunctions/addcore.inc                ;
; look_add.inc                     ; yes             ; Megafunction                 ; c:/altera/90/quartus/libraries/megafunctions/look_add.inc               ;
; alt_stratix_add_sub.inc          ; yes             ; Megafunction                 ; c:/altera/90/quartus/libraries/megafunctions/alt_stratix_add_sub.inc    ;
; alt_mercury_add_sub.inc          ; yes             ; Megafunction                 ; c:/altera/90/quartus/libraries/megafunctions/alt_mercury_add_sub.inc    ;
; addcore.tdf                      ; yes             ; Megafunction                 ; c:/altera/90/quartus/libraries/megafunctions/addcore.tdf                ;
; a_csnbuffer.inc                  ; yes             ; Megafunction                 ; c:/altera/90/quartus/libraries/megafunctions/a_csnbuffer.inc            ;
; a_csnbuffer.tdf                  ; yes             ; Megafunction                 ; c:/altera/90/quartus/libraries/megafunctions/a_csnbuffer.tdf            ;
+----------------------------------+-----------------+------------------------------+-------------------------------------------------------------------------+


+-------------------------------------------------+
; Analysis & Synthesis Resource Usage Summary     ;
+-----------------------------------+-------------+
; Resource                          ; Usage       ;
+-----------------------------------+-------------+
; Total logic elements              ; 289         ;
; Total combinational functions     ; 280         ;
;     -- Total 4-input functions    ; 143         ;
;     -- Total 3-input functions    ; 105         ;
;     -- Total 2-input functions    ; 28          ;
;     -- Total 1-input functions    ; 0           ;
;     -- Total 0-input functions    ; 4           ;
; Total registers                   ; 91          ;
; Total logic cells in carry chains ; 14          ;
; I/O pins                          ; 40          ;
; Maximum fan-out node              ; pc_instr[0] ;
; Maximum fan-out                   ; 105         ;
; Total fan-out                     ; 1188        ;
; Average fan-out                   ; 3.61        ;
+-----------------------------------+-------------+


+------------------------------------------------------------------------------------------------------------------------------------------------------------------------------------------------------------------------------------------------------------------------------------------------------------+
; Analysis & Synthesis Resource Utilization by Entity                                                                                                                                                                                                                                                        ;
+----------------------------------------+-------------+--------------+-------------+------+--------------+-------------------+------------------+-----------------+------------+-------------------------------------------------------------------------------------------------------------+--------------+
; Compilation Hierarchy Node             ; Logic Cells ; LC Registers ; Memory Bits ; Pins ; LUT-Only LCs ; Register-Only LCs ; LUT/Register LCs ; Carry Chain LCs ; Packed LCs ; Full Hierarchy Name                                                                                         ; Library Name ;
+----------------------------------------+-------------+--------------+-------------+------+--------------+-------------------+------------------+-----------------+------------+-------------------------------------------------------------------------------------------------------------+--------------+
; |My_computer4bit                       ; 289 (121)   ; 91           ; 0           ; 40   ; 198 (98)     ; 9 (9)             ; 82 (14)          ; 14 (2)          ; 0 (0)      ; |My_computer4bit                                                                                            ; work         ;
;    |altdpram:mypcMEM_STACK_rtl_1|      ; 156 (64)    ; 64           ; 0           ; 0    ; 92 (0)       ; 0 (0)             ; 64 (64)          ; 0 (0)           ; 0 (0)      ; |My_computer4bit|altdpram:mypcMEM_STACK_rtl_1                                                               ; work         ;
;       |lpm_decode:wdecoder|            ; 20 (0)      ; 0            ; 0           ; 0    ; 20 (0)       ; 0 (0)             ; 0 (0)            ; 0 (0)           ; 0 (0)      ; |My_computer4bit|altdpram:mypcMEM_STACK_rtl_1|lpm_decode:wdecoder                                           ; work         ;
;          |decode_8hf:auto_generated|   ; 20 (0)      ; 0            ; 0           ; 0    ; 20 (0)       ; 0 (0)             ; 0 (0)            ; 0 (0)           ; 0 (0)      ; |My_computer4bit|altdpram:mypcMEM_STACK_rtl_1|lpm_decode:wdecoder|decode_8hf:auto_generated                 ; work         ;
;             |cmpr_0mc:cmpr10|          ; 1 (1)       ; 0            ; 0           ; 0    ; 1 (1)        ; 0 (0)             ; 0 (0)            ; 0 (0)           ; 0 (0)      ; |My_computer4bit|altdpram:mypcMEM_STACK_rtl_1|lpm_decode:wdecoder|decode_8hf:auto_generated|cmpr_0mc:cmpr10 ; work         ;
;             |cmpr_0mc:cmpr11|          ; 1 (1)       ; 0            ; 0           ; 0    ; 1 (1)        ; 0 (0)             ; 0 (0)            ; 0 (0)           ; 0 (0)      ; |My_computer4bit|altdpram:mypcMEM_STACK_rtl_1|lpm_decode:wdecoder|decode_8hf:auto_generated|cmpr_0mc:cmpr11 ; work         ;
;             |cmpr_0mc:cmpr12|          ; 1 (1)       ; 0            ; 0           ; 0    ; 1 (1)        ; 0 (0)             ; 0 (0)            ; 0 (0)           ; 0 (0)      ; |My_computer4bit|altdpram:mypcMEM_STACK_rtl_1|lpm_decode:wdecoder|decode_8hf:auto_generated|cmpr_0mc:cmpr12 ; work         ;
;             |cmpr_0mc:cmpr13|          ; 1 (1)       ; 0            ; 0           ; 0    ; 1 (1)        ; 0 (0)             ; 0 (0)            ; 0 (0)           ; 0 (0)      ; |My_computer4bit|altdpram:mypcMEM_STACK_rtl_1|lpm_decode:wdecoder|decode_8hf:auto_generated|cmpr_0mc:cmpr13 ; work         ;
;             |cmpr_0mc:cmpr14|          ; 1 (1)       ; 0            ; 0           ; 0    ; 1 (1)        ; 0 (0)             ; 0 (0)            ; 0 (0)           ; 0 (0)      ; |My_computer4bit|altdpram:mypcMEM_STACK_rtl_1|lpm_decode:wdecoder|decode_8hf:auto_generated|cmpr_0mc:cmpr14 ; work         ;
;             |cmpr_0mc:cmpr15|          ; 1 (1)       ; 0            ; 0           ; 0    ; 1 (1)        ; 0 (0)             ; 0 (0)            ; 0 (0)           ; 0 (0)      ; |My_computer4bit|altdpram:mypcMEM_STACK_rtl_1|lpm_decode:wdecoder|decode_8hf:auto_generated|cmpr_0mc:cmpr15 ; work         ;
;             |cmpr_0mc:cmpr16|          ; 2 (2)       ; 0            ; 0           ; 0    ; 2 (2)        ; 0 (0)             ; 0 (0)            ; 0 (0)           ; 0 (0)      ; |My_computer4bit|altdpram:mypcMEM_STACK_rtl_1|lpm_decode:wdecoder|decode_8hf:auto_generated|cmpr_0mc:cmpr16 ; work         ;
;             |cmpr_0mc:cmpr1|           ; 1 (1)       ; 0            ; 0           ; 0    ; 1 (1)        ; 0 (0)             ; 0 (0)            ; 0 (0)           ; 0 (0)      ; |My_computer4bit|altdpram:mypcMEM_STACK_rtl_1|lpm_decode:wdecoder|decode_8hf:auto_generated|cmpr_0mc:cmpr1  ; work         ;
;             |cmpr_0mc:cmpr2|           ; 1 (1)       ; 0            ; 0           ; 0    ; 1 (1)        ; 0 (0)             ; 0 (0)            ; 0 (0)           ; 0 (0)      ; |My_computer4bit|altdpram:mypcMEM_STACK_rtl_1|lpm_decode:wdecoder|decode_8hf:auto_generated|cmpr_0mc:cmpr2  ; work         ;
;             |cmpr_0mc:cmpr3|           ; 1 (1)       ; 0            ; 0           ; 0    ; 1 (1)        ; 0 (0)             ; 0 (0)            ; 0 (0)           ; 0 (0)      ; |My_computer4bit|altdpram:mypcMEM_STACK_rtl_1|lpm_decode:wdecoder|decode_8hf:auto_generated|cmpr_0mc:cmpr3  ; work         ;
;             |cmpr_0mc:cmpr4|           ; 2 (2)       ; 0            ; 0           ; 0    ; 2 (2)        ; 0 (0)             ; 0 (0)            ; 0 (0)           ; 0 (0)      ; |My_computer4bit|altdpram:mypcMEM_STACK_rtl_1|lpm_decode:wdecoder|decode_8hf:auto_generated|cmpr_0mc:cmpr4  ; work         ;
;             |cmpr_0mc:cmpr5|           ; 1 (1)       ; 0            ; 0           ; 0    ; 1 (1)        ; 0 (0)             ; 0 (0)            ; 0 (0)           ; 0 (0)      ; |My_computer4bit|altdpram:mypcMEM_STACK_rtl_1|lpm_decode:wdecoder|decode_8hf:auto_generated|cmpr_0mc:cmpr5  ; work         ;
;             |cmpr_0mc:cmpr6|           ; 1 (1)       ; 0            ; 0           ; 0    ; 1 (1)        ; 0 (0)             ; 0 (0)            ; 0 (0)           ; 0 (0)      ; |My_computer4bit|altdpram:mypcMEM_STACK_rtl_1|lpm_decode:wdecoder|decode_8hf:auto_generated|cmpr_0mc:cmpr6  ; work         ;
;             |cmpr_0mc:cmpr7|           ; 1 (1)       ; 0            ; 0           ; 0    ; 1 (1)        ; 0 (0)             ; 0 (0)            ; 0 (0)           ; 0 (0)      ; |My_computer4bit|altdpram:mypcMEM_STACK_rtl_1|lpm_decode:wdecoder|decode_8hf:auto_generated|cmpr_0mc:cmpr7  ; work         ;
;             |cmpr_0mc:cmpr8|           ; 2 (2)       ; 0            ; 0           ; 0    ; 2 (2)        ; 0 (0)             ; 0 (0)            ; 0 (0)           ; 0 (0)      ; |My_computer4bit|altdpram:mypcMEM_STACK_rtl_1|lpm_decode:wdecoder|decode_8hf:auto_generated|cmpr_0mc:cmpr8  ; work         ;
;             |cmpr_0mc:cmpr9|           ; 2 (2)       ; 0            ; 0           ; 0    ; 2 (2)        ; 0 (0)             ; 0 (0)            ; 0 (0)           ; 0 (0)      ; |My_computer4bit|altdpram:mypcMEM_STACK_rtl_1|lpm_decode:wdecoder|decode_8hf:auto_generated|cmpr_0mc:cmpr9  ; work         ;
;       |lpm_mux:mux|                    ; 72 (0)      ; 0            ; 0           ; 0    ; 72 (0)       ; 0 (0)             ; 0 (0)            ; 0 (0)           ; 0 (0)      ; |My_computer4bit|altdpram:mypcMEM_STACK_rtl_1|lpm_mux:mux                                                   ; work         ;
;          |muxlut:$00010|               ; 18 (0)      ; 0            ; 0           ; 0    ; 18 (0)       ; 0 (0)             ; 0 (0)            ; 0 (0)           ; 0 (0)      ; |My_computer4bit|altdpram:mypcMEM_STACK_rtl_1|lpm_mux:mux|muxlut:$00010                                     ; work         ;
;             |muxlut:$00012|            ; 4 (4)       ; 0            ; 0           ; 0    ; 4 (4)        ; 0 (0)             ; 0 (0)            ; 0 (0)           ; 0 (0)      ; |My_computer4bit|altdpram:mypcMEM_STACK_rtl_1|lpm_mux:mux|muxlut:$00010|muxlut:$00012                       ; work         ;
;             |muxlut:$00014|            ; 4 (4)       ; 0            ; 0           ; 0    ; 4 (4)        ; 0 (0)             ; 0 (0)            ; 0 (0)           ; 0 (0)      ; |My_computer4bit|altdpram:mypcMEM_STACK_rtl_1|lpm_mux:mux|muxlut:$00010|muxlut:$00014                       ; work         ;
;             |muxlut:$00016|            ; 4 (4)       ; 0            ; 0           ; 0    ; 4 (4)        ; 0 (0)             ; 0 (0)            ; 0 (0)           ; 0 (0)      ; |My_computer4bit|altdpram:mypcMEM_STACK_rtl_1|lpm_mux:mux|muxlut:$00010|muxlut:$00016                       ; work         ;
;             |muxlut:$00018|            ; 4 (4)       ; 0            ; 0           ; 0    ; 4 (4)        ; 0 (0)             ; 0 (0)            ; 0 (0)           ; 0 (0)      ; |My_computer4bit|altdpram:mypcMEM_STACK_rtl_1|lpm_mux:mux|muxlut:$00010|muxlut:$00018                       ; work         ;
;             |muxlut:$00020|            ; 2 (2)       ; 0            ; 0           ; 0    ; 2 (2)        ; 0 (0)             ; 0 (0)            ; 0 (0)           ; 0 (0)      ; |My_computer4bit|altdpram:mypcMEM_STACK_rtl_1|lpm_mux:mux|muxlut:$00010|muxlut:$00020                       ; work         ;
;          |muxlut:$00012|               ; 18 (0)      ; 0            ; 0           ; 0    ; 18 (0)       ; 0 (0)             ; 0 (0)            ; 0 (0)           ; 0 (0)      ; |My_computer4bit|altdpram:mypcMEM_STACK_rtl_1|lpm_mux:mux|muxlut:$00012                                     ; work         ;
;             |muxlut:$00012|            ; 4 (4)       ; 0            ; 0           ; 0    ; 4 (4)        ; 0 (0)             ; 0 (0)            ; 0 (0)           ; 0 (0)      ; |My_computer4bit|altdpram:mypcMEM_STACK_rtl_1|lpm_mux:mux|muxlut:$00012|muxlut:$00012                       ; work         ;
;             |muxlut:$00014|            ; 4 (4)       ; 0            ; 0           ; 0    ; 4 (4)        ; 0 (0)             ; 0 (0)            ; 0 (0)           ; 0 (0)      ; |My_computer4bit|altdpram:mypcMEM_STACK_rtl_1|lpm_mux:mux|muxlut:$00012|muxlut:$00014                       ; work         ;
;             |muxlut:$00016|            ; 4 (4)       ; 0            ; 0           ; 0    ; 4 (4)        ; 0 (0)             ; 0 (0)            ; 0 (0)           ; 0 (0)      ; |My_computer4bit|altdpram:mypcMEM_STACK_rtl_1|lpm_mux:mux|muxlut:$00012|muxlut:$00016                       ; work         ;
;             |muxlut:$00018|            ; 4 (4)       ; 0            ; 0           ; 0    ; 4 (4)        ; 0 (0)             ; 0 (0)            ; 0 (0)           ; 0 (0)      ; |My_computer4bit|altdpram:mypcMEM_STACK_rtl_1|lpm_mux:mux|muxlut:$00012|muxlut:$00018                       ; work         ;
;             |muxlut:$00020|            ; 2 (2)       ; 0            ; 0           ; 0    ; 2 (2)        ; 0 (0)             ; 0 (0)            ; 0 (0)           ; 0 (0)      ; |My_computer4bit|altdpram:mypcMEM_STACK_rtl_1|lpm_mux:mux|muxlut:$00012|muxlut:$00020                       ; work         ;
;          |muxlut:$00014|               ; 18 (0)      ; 0            ; 0           ; 0    ; 18 (0)       ; 0 (0)             ; 0 (0)            ; 0 (0)           ; 0 (0)      ; |My_computer4bit|altdpram:mypcMEM_STACK_rtl_1|lpm_mux:mux|muxlut:$00014                                     ; work         ;
;             |muxlut:$00012|            ; 4 (4)       ; 0            ; 0           ; 0    ; 4 (4)        ; 0 (0)             ; 0 (0)            ; 0 (0)           ; 0 (0)      ; |My_computer4bit|altdpram:mypcMEM_STACK_rtl_1|lpm_mux:mux|muxlut:$00014|muxlut:$00012                       ; work         ;
;             |muxlut:$00014|            ; 4 (4)       ; 0            ; 0           ; 0    ; 4 (4)        ; 0 (0)             ; 0 (0)            ; 0 (0)           ; 0 (0)      ; |My_computer4bit|altdpram:mypcMEM_STACK_rtl_1|lpm_mux:mux|muxlut:$00014|muxlut:$00014                       ; work         ;
;             |muxlut:$00016|            ; 4 (4)       ; 0            ; 0           ; 0    ; 4 (4)        ; 0 (0)             ; 0 (0)            ; 0 (0)           ; 0 (0)      ; |My_computer4bit|altdpram:mypcMEM_STACK_rtl_1|lpm_mux:mux|muxlut:$00014|muxlut:$00016                       ; work         ;
;             |muxlut:$00018|            ; 4 (4)       ; 0            ; 0           ; 0    ; 4 (4)        ; 0 (0)             ; 0 (0)            ; 0 (0)           ; 0 (0)      ; |My_computer4bit|altdpram:mypcMEM_STACK_rtl_1|lpm_mux:mux|muxlut:$00014|muxlut:$00018                       ; work         ;
;             |muxlut:$00020|            ; 2 (2)       ; 0            ; 0           ; 0    ; 2 (2)        ; 0 (0)             ; 0 (0)            ; 0 (0)           ; 0 (0)      ; |My_computer4bit|altdpram:mypcMEM_STACK_rtl_1|lpm_mux:mux|muxlut:$00014|muxlut:$00020                       ; work         ;
;          |muxlut:$00016|               ; 18 (0)      ; 0            ; 0           ; 0    ; 18 (0)       ; 0 (0)             ; 0 (0)            ; 0 (0)           ; 0 (0)      ; |My_computer4bit|altdpram:mypcMEM_STACK_rtl_1|lpm_mux:mux|muxlut:$00016                                     ; work         ;
;             |muxlut:$00012|            ; 4 (4)       ; 0            ; 0           ; 0    ; 4 (4)        ; 0 (0)             ; 0 (0)            ; 0 (0)           ; 0 (0)      ; |My_computer4bit|altdpram:mypcMEM_STACK_rtl_1|lpm_mux:mux|muxlut:$00016|muxlut:$00012                       ; work         ;
;             |muxlut:$00014|            ; 4 (4)       ; 0            ; 0           ; 0    ; 4 (4)        ; 0 (0)             ; 0 (0)            ; 0 (0)           ; 0 (0)      ; |My_computer4bit|altdpram:mypcMEM_STACK_rtl_1|lpm_mux:mux|muxlut:$00016|muxlut:$00014                       ; work         ;
;             |muxlut:$00016|            ; 4 (4)       ; 0            ; 0           ; 0    ; 4 (4)        ; 0 (0)             ; 0 (0)            ; 0 (0)           ; 0 (0)      ; |My_computer4bit|altdpram:mypcMEM_STACK_rtl_1|lpm_mux:mux|muxlut:$00016|muxlut:$00016                       ; work         ;
;             |muxlut:$00018|            ; 4 (4)       ; 0            ; 0           ; 0    ; 4 (4)        ; 0 (0)             ; 0 (0)            ; 0 (0)           ; 0 (0)      ; |My_computer4bit|altdpram:mypcMEM_STACK_rtl_1|lpm_mux:mux|muxlut:$00016|muxlut:$00018                       ; work         ;
;             |muxlut:$00020|            ; 2 (2)       ; 0            ; 0           ; 0    ; 2 (2)        ; 0 (0)             ; 0 (0)            ; 0 (0)           ; 0 (0)      ; |My_computer4bit|altdpram:mypcMEM_STACK_rtl_1|lpm_mux:mux|muxlut:$00016|muxlut:$00020                       ; work         ;
;    |lpm_add_sub:Add1|                  ; 4 (0)       ; 0            ; 0           ; 0    ; 4 (0)        ; 0 (0)             ; 0 (0)            ; 4 (0)           ; 0 (0)      ; |My_computer4bit|lpm_add_sub:Add1                                                                           ; work         ;
;       |addcore:adder|                  ; 4 (0)       ; 0            ; 0           ; 0    ; 4 (0)        ; 0 (0)             ; 0 (0)            ; 4 (0)           ; 0 (0)      ; |My_computer4bit|lpm_add_sub:Add1|addcore:adder                                                             ; work         ;
;          |a_csnbuffer:result_node|     ; 4 (4)       ; 0            ; 0           ; 0    ; 4 (4)        ; 0 (0)             ; 0 (0)            ; 4 (4)           ; 0 (0)      ; |My_computer4bit|lpm_add_sub:Add1|addcore:adder|a_csnbuffer:result_node                                     ; work         ;
;    |lpm_add_sub:Add2|                  ; 4 (0)       ; 0            ; 0           ; 0    ; 4 (0)        ; 0 (0)             ; 0 (0)            ; 4 (0)           ; 0 (0)      ; |My_computer4bit|lpm_add_sub:Add2                                                                           ; work         ;
;       |addcore:adder|                  ; 4 (0)       ; 0            ; 0           ; 0    ; 4 (0)        ; 0 (0)             ; 0 (0)            ; 4 (0)           ; 0 (0)      ; |My_computer4bit|lpm_add_sub:Add2|addcore:adder                                                             ; work         ;
;          |a_csnbuffer:result_node|     ; 4 (4)       ; 0            ; 0           ; 0    ; 4 (4)        ; 0 (0)             ; 0 (0)            ; 4 (4)           ; 0 (0)      ; |My_computer4bit|lpm_add_sub:Add2|addcore:adder|a_csnbuffer:result_node                                     ; work         ;
;    |lpm_counter:ADDRESS_rtl_0|         ; 4 (0)       ; 4            ; 0           ; 0    ; 0 (0)        ; 0 (0)             ; 4 (0)            ; 4 (0)           ; 0 (0)      ; |My_computer4bit|lpm_counter:ADDRESS_rtl_0                                                                  ; work         ;
;       |alt_counter_f10ke:wysi_counter| ; 4 (4)       ; 4            ; 0           ; 0    ; 0 (0)        ; 0 (0)             ; 4 (4)            ; 4 (4)           ; 0 (0)      ; |My_computer4bit|lpm_counter:ADDRESS_rtl_0|alt_counter_f10ke:wysi_counter                                   ; work         ;
+----------------------------------------+-------------+--------------+-------------+------+--------------+-------------------+------------------+-----------------+------------+-------------------------------------------------------------------------------------------------------------+--------------+
Note: For table entries with two numbers listed, the numbers in parentheses indicate the number of resources of the given type used by the specific entity alone. The numbers listed outside of parentheses indicate the total resources of the given type used by the specific entity and all of its sub-entities in the hierarchy.


+------------------------------------------------------+
; General Register Statistics                          ;
+----------------------------------------------+-------+
; Statistic                                    ; Value ;
+----------------------------------------------+-------+
; Total registers                              ; 91    ;
; Number of registers using Synchronous Clear  ; 0     ;
; Number of registers using Synchronous Load   ; 0     ;
; Number of registers using Asynchronous Clear ; 0     ;
; Number of registers using Asynchronous Load  ; 0     ;
; Number of registers using Clock Enable       ; 84    ;
; Number of registers using Preset             ; 0     ;
+----------------------------------------------+-------+


+--------------------------------------------------+
; Inverted Register Statistics                     ;
+----------------------------------------+---------+
; Inverted Register                      ; Fan out ;
+----------------------------------------+---------+
; SP[0]~reg0                             ; 87      ;
; SP[1]~reg0                             ; 54      ;
; SP[2]~reg0                             ; 11      ;
; SP[3]~reg0                             ; 8       ;
; Total number of inverted registers = 4 ;         ;
+----------------------------------------+---------+


+--------------------------------------------------+
; Source assignments for lpm_counter:ADDRESS_rtl_0 ;
+---------------------------+-------+------+-------+
; Assignment                ; Value ; From ; To    ;
+---------------------------+-------+------+-------+
; SUPPRESS_DA_RULE_INTERNAL ; a101  ; -    ; -     ;
; SUPPRESS_DA_RULE_INTERNAL ; s102  ; -    ; -     ;
; SUPPRESS_DA_RULE_INTERNAL ; s103  ; -    ; -     ;
+---------------------------+-------+------+-------+


+-------------------------------------------------------+
; Source assignments for lpm_add_sub:Add1|addcore:adder ;
+---------------------------+-------+------+------------+
; Assignment                ; Value ; From ; To         ;
+---------------------------+-------+------+------------+
; SUPPRESS_DA_RULE_INTERNAL ; A103  ; -    ; -          ;
+---------------------------+-------+------+------------+


+-------------------------------------------------------+
; Source assignments for lpm_add_sub:Add2|addcore:adder ;
+---------------------------+-------+------+------------+
; Assignment                ; Value ; From ; To         ;
+---------------------------+-------+------+------------+
; SUPPRESS_DA_RULE_INTERNAL ; A103  ; -    ; -          ;
+---------------------------+-------+------+------------+


+---------------------------------------------------------------------------------+
; Parameter Settings for User Entity Instance: Top-level Entity: |My_computer4bit ;
+----------------+-------+--------------------------------------------------------+
; Parameter Name ; Value ; Type                                                   ;
+----------------+-------+--------------------------------------------------------+
; n              ; 16    ; Signed Integer                                         ;
+----------------+-------+--------------------------------------------------------+
Note: In order to hide this table in the UI and the text report file, please set the "Show Parameter Settings Tables in Synthesis Report" option in "Analysis and Synthesis Settings -> More Settings" to "Off".


+----------------------------------------------------------------------------+
; Parameter Settings for Inferred Entity Instance: lpm_counter:ADDRESS_rtl_0 ;
+------------------------+-------------------+-------------------------------+
; Parameter Name         ; Value             ; Type                          ;
+------------------------+-------------------+-------------------------------+
; AUTO_CARRY_CHAINS      ; ON                ; AUTO_CARRY                    ;
; IGNORE_CARRY_BUFFERS   ; OFF               ; IGNORE_CARRY                  ;
; AUTO_CASCADE_CHAINS    ; ON                ; AUTO_CASCADE                  ;
; IGNORE_CASCADE_BUFFERS ; OFF               ; IGNORE_CASCADE                ;
; LPM_WIDTH              ; 4                 ; Untyped                       ;
; LPM_DIRECTION          ; UP                ; Untyped                       ;
; LPM_MODULUS            ; 0                 ; Untyped                       ;
; LPM_AVALUE             ; UNUSED            ; Untyped                       ;
; LPM_SVALUE             ; UNUSED            ; Untyped                       ;
; LPM_PORT_UPDOWN        ; PORT_CONNECTIVITY ; Untyped                       ;
; DEVICE_FAMILY          ; FLEX10K           ; Untyped                       ;
; CARRY_CHAIN            ; MANUAL            ; Untyped                       ;
; CARRY_CHAIN_LENGTH     ; 48                ; CARRY_CHAIN_LENGTH            ;
; NOT_GATE_PUSH_BACK     ; ON                ; NOT_GATE_PUSH_BACK            ;
; CARRY_CNT_EN           ; SMART             ; Untyped                       ;
; LABWIDE_SCLR           ; ON                ; Untyped                       ;
; USE_NEW_VERSION        ; TRUE              ; Untyped                       ;
; CBXI_PARAMETER         ; NOTHING           ; Untyped                       ;
+------------------------+-------------------+-------------------------------+
Note: In order to hide this table in the UI and the text report file, please set the "Show Parameter Settings Tables in Synthesis Report" option in "Analysis and Synthesis Settings -> More Settings" to "Off".


+-------------------------------------------------------------------------------+
; Parameter Settings for Inferred Entity Instance: altdpram:mypcMEM_STACK_rtl_1 ;
+-------------------------------------+--------------+--------------------------+
; Parameter Name                      ; Value        ; Type                     ;
+-------------------------------------+--------------+--------------------------+
; WIDTH_BYTEENA_A                     ; 1            ; Untyped                  ;
; WIDTH_BYTEENA_B                     ; 1            ; Untyped                  ;
; WIDTH                               ; 4            ; Untyped                  ;
; WIDTHAD                             ; 4            ; Untyped                  ;
; NUMWORDS                            ; 16           ; Untyped                  ;
; FILE                                ; UNUSED       ; Untyped                  ;
; LPM_FILE                            ; UNUSED       ; Untyped                  ;
; INDATA_REG                          ; INCLOCK      ; Untyped                  ;
; INDATA_ACLR                         ; OFF          ; Untyped                  ;
; WRADDRESS_REG                       ; INCLOCK      ; Untyped                  ;
; WRADDRESS_ACLR                      ; OFF          ; Untyped                  ;
; WRCONTROL_REG                       ; INCLOCK      ; Untyped                  ;
; WRCONTROL_ACLR                      ; OFF          ; Untyped                  ;
; RDADDRESS_REG                       ; UNREGISTERED ; Untyped                  ;
; RDADDRESS_ACLR                      ; OFF          ; Untyped                  ;
; RDCONTROL_REG                       ; UNREGISTERED ; Untyped                  ;
; RDCONTROL_ACLR                      ; OFF          ; Untyped                  ;
; OUTDATA_REG                         ; UNREGISTERED ; Untyped                  ;
; OUTDATA_ACLR                        ; OFF          ; Untyped                  ;
; USE_EAB                             ; ON           ; Untyped                  ;
; MAXIMUM_DEPTH                       ; 2048         ; Untyped                  ;
; DEVICE_FAMILY                       ; FLEX10K      ; Untyped                  ;
; SUPPRESS_MEMORY_CONVERSION_WARNINGS ; OFF          ; Untyped                  ;
; INTENDED_DEVICE_FAMILY              ; APEX20KE     ; Untyped                  ;
; ENABLE_RAM_BENCHMARKING_MODE        ; OFF          ; Untyped                  ;
; RAM_BLOCK_TYPE                      ; AUTO         ; Untyped                  ;
; READ_DURING_WRITE_MODE_MIXED_PORTS  ; DONT_CARE    ; Untyped                  ;
; BYTE_SIZE                           ; 8            ; Untyped                  ;
; WIDTH_BYTEENA                       ; 1            ; Untyped                  ;
; DISABLE_LE_RAM_LIMIT_CHECK          ; OFF          ; Untyped                  ;
; CBXI_PARAMETER                      ; NOTHING      ; Untyped                  ;
; AUTO_CARRY_CHAINS                   ; ON           ; AUTO_CARRY               ;
; IGNORE_CARRY_BUFFERS                ; OFF          ; IGNORE_CARRY             ;
; AUTO_CASCADE_CHAINS                 ; ON           ; AUTO_CASCADE             ;
; IGNORE_CASCADE_BUFFERS              ; OFF          ; IGNORE_CASCADE           ;
+-------------------------------------+--------------+--------------------------+
Note: In order to hide this table in the UI and the text report file, please set the "Show Parameter Settings Tables in Synthesis Report" option in "Analysis and Synthesis Settings -> More Settings" to "Off".


+-------------------------------------------------------------------+
; Parameter Settings for Inferred Entity Instance: lpm_add_sub:Add1 ;
+------------------------+-------------+----------------------------+
; Parameter Name         ; Value       ; Type                       ;
+------------------------+-------------+----------------------------+
; LPM_WIDTH              ; 5           ; Untyped                    ;
; LPM_REPRESENTATION     ; UNSIGNED    ; Untyped                    ;
; LPM_DIRECTION          ; ADD         ; Untyped                    ;
; ONE_INPUT_IS_CONSTANT  ; NO          ; Untyped                    ;
; LPM_PIPELINE           ; 0           ; Untyped                    ;
; MAXIMIZE_SPEED         ; 5           ; Untyped                    ;
; REGISTERED_AT_END      ; 0           ; Untyped                    ;
; OPTIMIZE_FOR_SPEED     ; 1           ; Untyped                    ;
; USE_CS_BUFFERS         ; 1           ; Untyped                    ;
; CARRY_CHAIN            ; MANUAL      ; Untyped                    ;
; CARRY_CHAIN_LENGTH     ; 48          ; CARRY_CHAIN_LENGTH         ;
; DEVICE_FAMILY          ; FLEX10K     ; Untyped                    ;
; USE_WYS                ; OFF         ; Untyped                    ;
; STYLE                  ; FAST        ; Untyped                    ;
; CBXI_PARAMETER         ; add_sub_ojh ; Untyped                    ;
; AUTO_CARRY_CHAINS      ; ON          ; AUTO_CARRY                 ;
; IGNORE_CARRY_BUFFERS   ; OFF         ; IGNORE_CARRY               ;
; AUTO_CASCADE_CHAINS    ; ON          ; AUTO_CASCADE               ;
; IGNORE_CASCADE_BUFFERS ; OFF         ; IGNORE_CASCADE             ;
+------------------------+-------------+----------------------------+
Note: In order to hide this table in the UI and the text report file, please set the "Show Parameter Settings Tables in Synthesis Report" option in "Analysis and Synthesis Settings -> More Settings" to "Off".


+-------------------------------------------------------------------+
; Parameter Settings for Inferred Entity Instance: lpm_add_sub:Add2 ;
+------------------------+-------------+----------------------------+
; Parameter Name         ; Value       ; Type                       ;
+------------------------+-------------+----------------------------+
; LPM_WIDTH              ; 6           ; Untyped                    ;
; LPM_REPRESENTATION     ; UNSIGNED    ; Untyped                    ;
; LPM_DIRECTION          ; ADD         ; Untyped                    ;
; ONE_INPUT_IS_CONSTANT  ; NO          ; Untyped                    ;
; LPM_PIPELINE           ; 0           ; Untyped                    ;
; MAXIMIZE_SPEED         ; 5           ; Untyped                    ;
; REGISTERED_AT_END      ; 0           ; Untyped                    ;
; OPTIMIZE_FOR_SPEED     ; 1           ; Untyped                    ;
; USE_CS_BUFFERS         ; 1           ; Untyped                    ;
; CARRY_CHAIN            ; MANUAL      ; Untyped                    ;
; CARRY_CHAIN_LENGTH     ; 48          ; CARRY_CHAIN_LENGTH         ;
; DEVICE_FAMILY          ; FLEX10K     ; Untyped                    ;
; USE_WYS                ; OFF         ; Untyped                    ;
; STYLE                  ; FAST        ; Untyped                    ;
; CBXI_PARAMETER         ; add_sub_pjh ; Untyped                    ;
; AUTO_CARRY_CHAINS      ; ON          ; AUTO_CARRY                 ;
; IGNORE_CARRY_BUFFERS   ; OFF         ; IGNORE_CARRY               ;
; AUTO_CASCADE_CHAINS    ; ON          ; AUTO_CASCADE               ;
; IGNORE_CASCADE_BUFFERS ; OFF         ; IGNORE_CASCADE             ;
+------------------------+-------------+----------------------------+
Note: In order to hide this table in the UI and the text report file, please set the "Show Parameter Settings Tables in Synthesis Report" option in "Analysis and Synthesis Settings -> More Settings" to "Off".


+-------------------------------+
; Analysis & Synthesis Messages ;
+-------------------------------+
Info: *******************************************************************
Info: Running Quartus II Analysis & Synthesis
    Info: Version 9.0 Build 132 02/25/2009 SJ Full Version
    Info: Processing started: Thu Apr 01 08:38:07 2021
Info: Command: quartus_map --read_settings_files=on --write_settings_files=off My_computer4bit -c My_computer4bit
Info: Found 1 design units, including 1 entities, in source file My_computer4bit.v
    Info: Found entity 1: My_computer4bit
Info: Elaborating entity "My_computer4bit" for the top level hierarchy
Warning (10230): Verilog HDL assignment warning at My_computer4bit.v(38): truncated value with size 32 to match size of target (4)
Warning (10230): Verilog HDL assignment warning at My_computer4bit.v(41): truncated value with size 32 to match size of target (4)
Warning (10230): Verilog HDL assignment warning at My_computer4bit.v(110): truncated value with size 32 to match size of target (4)
Warning (10230): Verilog HDL assignment warning at My_computer4bit.v(117): truncated value with size 32 to match size of target (4)
Warning (10230): Verilog HDL assignment warning at My_computer4bit.v(129): truncated value with size 32 to match size of target (4)
Warning (10230): Verilog HDL assignment warning at My_computer4bit.v(132): truncated value with size 32 to match size of target (4)
Warning: Created node "mypcMEM_STACK~1" as a RAM by generating an altdpram megafunction to implement register logic with an Embedded System Block. Pass-through logic has been added.
Info: Inferred 2 megafunctions from design logic
    Info: Inferred lpm_counter megafunction (LPM_WIDTH=4) from the following logic: "ADDRESS[0]~0"
    Info: Inferred altdpram megafunction from the following logic: "mypcMEM_STACK~1" 
        Info: Parameter WIDTH set to 4
        Info: Parameter WIDTHAD set to 4
        Info: Parameter NUMWORDS set to 16
        Info: Parameter WRADDRESS_REG set to INCLOCK
        Info: Parameter WRADDRESS_ACLR set to OFF
        Info: Parameter WRCONTROL_REG set to INCLOCK
        Info: Parameter WRCONTROL_ACLR set to OFF
        Info: Parameter RDADDRESS_REG set to UNREGISTERED
        Info: Parameter RDADDRESS_ACLR set to OFF
        Info: Parameter RDCONTROL_REG set to UNREGISTERED
        Info: Parameter RDCONTROL_ACLR set to OFF
        Info: Parameter INDATA_REG set to INCLOCK
        Info: Parameter INDATA_ACLR set to OFF
        Info: Parameter OUTDATA_REG set to UNREGISTERED
        Info: Parameter OUTDATA_ACLR set to OFF
        Info: Parameter LPM_FILE set to UNUSED
Info: Inferred 2 megafunctions from design logic
    Info: Inferred adder/subtractor megafunction ("lpm_add_sub") from the following logic: "Add1"
    Info: Inferred adder/subtractor megafunction ("lpm_add_sub") from the following logic: "Add2"
Info: Elaborated megafunction instantiation "lpm_counter:ADDRESS_rtl_0"
Info: Instantiated megafunction "lpm_counter:ADDRESS_rtl_0" with the following parameter:
    Info: Parameter "LPM_WIDTH" = "4"
    Info: Parameter "LPM_DIRECTION" = "UP"
    Info: Parameter "LPM_TYPE" = "LPM_COUNTER"
Info: Elaborated megafunction instantiation "lpm_counter:ADDRESS_rtl_0|alt_counter_f10ke:wysi_counter", which is child of megafunction instantiation "lpm_counter:ADDRESS_rtl_0"
Warning: Assertion warning: Current device family (FLEX10K) does not support dual-port synchronous RAM -- implementing the synchronous RAM as a DFFE array instead
Info: Elaborated megafunction instantiation "altdpram:mypcMEM_STACK_rtl_1"
Info: Instantiated megafunction "altdpram:mypcMEM_STACK_rtl_1" with the following parameter:
    Info: Parameter "WIDTH" = "4"
    Info: Parameter "WIDTHAD" = "4"
    Info: Parameter "NUMWORDS" = "16"
    Info: Parameter "WRADDRESS_REG" = "INCLOCK"
    Info: Parameter "WRADDRESS_ACLR" = "OFF"
    Info: Parameter "WRCONTROL_REG" = "INCLOCK"
    Info: Parameter "WRCONTROL_ACLR" = "OFF"
    Info: Parameter "RDADDRESS_REG" = "UNREGISTERED"
    Info: Parameter "RDADDRESS_ACLR" = "OFF"
    Info: Parameter "RDCONTROL_REG" = "UNREGISTERED"
    Info: Parameter "RDCONTROL_ACLR" = "OFF"
    Info: Parameter "INDATA_REG" = "INCLOCK"
    Info: Parameter "INDATA_ACLR" = "OFF"
    Info: Parameter "OUTDATA_REG" = "UNREGISTERED"
    Info: Parameter "OUTDATA_ACLR" = "OFF"
    Info: Parameter "LPM_FILE" = "UNUSED"
Info: Elaborated megafunction instantiation "altdpram:mypcMEM_STACK_rtl_1|lpm_mux:mux", which is child of megafunction instantiation "altdpram:mypcMEM_STACK_rtl_1"
Info: Elaborated megafunction instantiation "altdpram:mypcMEM_STACK_rtl_1|lpm_mux:mux|bypassff:sel_latency_ff[0]", which is child of megafunction instantiation "altdpram:mypcMEM_STACK_rtl_1"
Info: Elaborated megafunction instantiation "altdpram:mypcMEM_STACK_rtl_1|lpm_mux:mux|altshift:external_latency_ffs", which is child of megafunction instantiation "altdpram:mypcMEM_STACK_rtl_1"
Info: Elaborated megafunction instantiation "altdpram:mypcMEM_STACK_rtl_1|lpm_mux:mux|muxlut:$00010", which is child of megafunction instantiation "altdpram:mypcMEM_STACK_rtl_1"
Info: Elaborated megafunction instantiation "altdpram:mypcMEM_STACK_rtl_1|lpm_mux:mux|muxlut:$00010|muxlut:$00012", which is child of megafunction instantiation "altdpram:mypcMEM_STACK_rtl_1"
Info: Elaborated megafunction instantiation "altdpram:mypcMEM_STACK_rtl_1|lpm_mux:mux|muxlut:$00010|muxlut:$00020", which is child of megafunction instantiation "altdpram:mypcMEM_STACK_rtl_1"
Info: Elaborated megafunction instantiation "altdpram:mypcMEM_STACK_rtl_1|lpm_decode:wdecoder", which is child of megafunction instantiation "altdpram:mypcMEM_STACK_rtl_1"
Info: Found 1 design units, including 1 entities, in source file db/decode_8hf.tdf
    Info: Found entity 1: decode_8hf
Info: Found 1 design units, including 1 entities, in source file db/cmpr_0mc.tdf
    Info: Found entity 1: cmpr_0mc
Info: Elaborated megafunction instantiation "lpm_add_sub:Add1"
Info: Instantiated megafunction "lpm_add_sub:Add1" with the following parameter:
    Info: Parameter "LPM_WIDTH" = "5"
    Info: Parameter "LPM_DIRECTION" = "ADD"
    Info: Parameter "LPM_REPRESENTATION" = "UNSIGNED"
    Info: Parameter "ONE_INPUT_IS_CONSTANT" = "NO"
Info: Elaborated megafunction instantiation "lpm_add_sub:Add1|addcore:adder", which is child of megafunction instantiation "lpm_add_sub:Add1"
Info: Elaborated megafunction instantiation "lpm_add_sub:Add1|addcore:adder|a_csnbuffer:oflow_node", which is child of megafunction instantiation "lpm_add_sub:Add1"
Info: Elaborated megafunction instantiation "lpm_add_sub:Add1|addcore:adder|a_csnbuffer:result_node", which is child of megafunction instantiation "lpm_add_sub:Add1"
Info: Elaborated megafunction instantiation "lpm_add_sub:Add1|altshift:result_ext_latency_ffs", which is child of megafunction instantiation "lpm_add_sub:Add1"
Info: Elaborated megafunction instantiation "lpm_add_sub:Add1|altshift:carry_ext_latency_ffs", which is child of megafunction instantiation "lpm_add_sub:Add1"
Info: Elaborated megafunction instantiation "lpm_add_sub:Add2"
Info: Instantiated megafunction "lpm_add_sub:Add2" with the following parameter:
    Info: Parameter "LPM_WIDTH" = "6"
    Info: Parameter "LPM_DIRECTION" = "ADD"
    Info: Parameter "LPM_REPRESENTATION" = "UNSIGNED"
    Info: Parameter "ONE_INPUT_IS_CONSTANT" = "NO"
Info: Elaborated megafunction instantiation "lpm_add_sub:Add2|addcore:adder", which is child of megafunction instantiation "lpm_add_sub:Add2"
Info: Elaborated megafunction instantiation "lpm_add_sub:Add2|addcore:adder|a_csnbuffer:oflow_node", which is child of megafunction instantiation "lpm_add_sub:Add2"
Info: Elaborated megafunction instantiation "lpm_add_sub:Add2|addcore:adder|a_csnbuffer:result_node", which is child of megafunction instantiation "lpm_add_sub:Add2"
Info: Elaborated megafunction instantiation "lpm_add_sub:Add2|altshift:result_ext_latency_ffs", which is child of megafunction instantiation "lpm_add_sub:Add2"
Info: Implemented 329 device resources after synthesis - the final resource count might be different
    Info: Implemented 13 input pins
    Info: Implemented 27 output pins
    Info: Implemented 289 logic cells
Info: Quartus II Analysis & Synthesis was successful. 0 errors, 8 warnings
    Info: Peak virtual memory: 235 megabytes
    Info: Processing ended: Thu Apr 01 08:38:11 2021
    Info: Elapsed time: 00:00:04
    Info: Total CPU time (on all processors): 00:00:02


